<?xml version="1.0" encoding="UTF-8"?>
<!-- Generated by org.testng.reporters.JUnitReportReporter -->
<testsuite hostname="Sakilroly" failures="0" tests="1" name="com.qa.Testcase.AddToCartTest" time="11.329" errors="0" timestamp="2024-01-08T18:48:58 CST" skipped="0">
  <testcase classname="com.qa.Testcase.AddToCartTest" name="AddToCart" time="11.329"/>
</testsuite> <!-- com.qa.Testcase.AddToCartTest -->
